Unity Editor version:    6000.2.11f1 (7134d7685e5d)
Branch:                  6000.2/staging
Build type:              Release
Batch mode:              YES
macOS version:           Version 15.6 (Build 24G84)
Darwin version:          24.6.0
Architecture:            arm64
Running under Rosetta:   NO
Available memory:        24576 MB
Date:                    2025-11-19T13:15:51Z
[Licensing::Module] Trying to connect to existing licensing client channel...
[Licensing::IpcConnector] Successfully connected to: "LicenseClient-emfpdlzj" at "2025-11-19T13:15:51.032429Z"

COMMAND LINE ARGUMENTS:
/Applications/Unity/Hub/Editor/6000.2.11f1/Unity.app/Contents/MacOS/Unity
-adb2
-batchMode
-noUpm
-name
AssetImportWorker1
-projectPath
/Users/emfpdlzj/Desktop/DOCKin-unity/DOCKin-unity
-logFile
Logs/AssetImportWorker1.log
-srvPort
65228
-job-worker-count
5
-background-job-worker-count
8
-gc-helper-count
1
-name AssetImport
Successfully changed project path to: /Users/emfpdlzj/Desktop/DOCKin-unity/DOCKin-unity
/Users/emfpdlzj/Desktop/DOCKin-unity/DOCKin-unity
[UnityMemory] Configuration Parameters - Can be set up in boot.config
    "memorysetup-allocator-temp-initial-block-size-main=262144"
    "memorysetup-allocator-temp-initial-block-size-worker=262144"
    "memorysetup-bucket-allocator-granularity=16"
    "memorysetup-bucket-allocator-bucket-count=8"
    "memorysetup-bucket-allocator-block-size=33554432"
    "memorysetup-bucket-allocator-block-count=8"
    "memorysetup-main-allocator-block-size=16777216"
    "memorysetup-thread-allocator-block-size=16777216"
    "memorysetup-gfx-main-allocator-block-size=16777216"
    "memorysetup-gfx-thread-allocator-block-size=16777216"
    "memorysetup-cache-allocator-block-size=4194304"
    "memorysetup-typetree-allocator-block-size=2097152"
    "memorysetup-profiler-bucket-allocator-granularity=16"
    "memorysetup-profiler-bucket-allocator-bucket-count=8"
    "memorysetup-profiler-bucket-allocator-block-size=33554432"
    "memorysetup-profiler-bucket-allocator-block-count=8"
    "memorysetup-profiler-allocator-block-size=16777216"
    "memorysetup-profiler-editor-allocator-block-size=1048576"
    "memorysetup-temp-allocator-size-main=16777216"
    "memorysetup-job-temp-allocator-block-size=2097152"
    "memorysetup-job-temp-allocator-block-size-background=1048576"
    "memorysetup-job-temp-allocator-reduction-small-platforms=262144"
    "memorysetup-temp-allocator-size-background-worker=32768"
    "memorysetup-temp-allocator-size-job-worker=262144"
    "memorysetup-temp-allocator-size-preload-manager=33554432"
    "memorysetup-temp-allocator-size-nav-mesh-worker=65536"
    "memorysetup-temp-allocator-size-audio-worker=65536"
    "memorysetup-temp-allocator-size-cloud-worker=32768"
    "memorysetup-temp-allocator-size-gi-baking-worker=262144"
    "memorysetup-temp-allocator-size-gi-baking-worker=262144"
    "memorysetup-temp-allocator-size-gi-baking-worker=262144"
    "memorysetup-temp-allocator-size-gi-baking-worker=262144"
    "memorysetup-temp-allocator-size-gi-baking-worker=262144"
    "memorysetup-temp-allocator-size-gfx=262144"
Player connection [8693096640]  Target information:

Player connection [8693096640]  * "[IP] 192.168.1.100 [Port] 0 [Flags] 2 [Guid] 1492402221 [EditorId] 1492402221 [Version] 1048832 [Id] OSXEditor(0,bagminjeong-uiui-MacBookPro.local) [Debug] 1 [PackageName] OSXEditor [ProjectName] Editor" 

Player connection [8693096640]  * "[IP] 192.168.1.104 [Port] 0 [Flags] 2 [Guid] 1492402221 [EditorId] 1492402221 [Version] 1048832 [Id] OSXEditor(0,bagminjeong-uiui-MacBookPro.local) [Debug] 1 [PackageName] OSXEditor [ProjectName] Editor" 

Player connection [8693096640] Host joined multi-casting on [225.0.0.222:54997]...
Player connection [8693096640] Host joined alternative multi-casting on [225.0.0.222:34997]...
JobSystem: Creating JobQueue using job-worker-count value 5
Input System module state changed to: Initialized.
[Physics::Module] Initialized fallback backend.
[Physics::Module] Id: 0xdecafbad
Library Redirect Path: Library/
[Physics::Module] Selected backend.
[Physics::Module] Name: PhysX
[Physics::Module] Id: 0xf2b8ea05
[Physics::Module] SDK Version: 4.1.2
[Physics::Module] Integration Version: 1.0.0
[Physics::Module] Threading Mode: Multi-Threaded
Refreshing native plugins compatible for Editor in 6.32 ms, found 1 plugins.
Preloading 0 native plugins for Editor in 0.00 ms.
Initialize engine version: 6000.2.11f1 (7134d7685e5d)
[Subsystems] Discovering subsystems at path /Applications/Unity/Hub/Editor/6000.2.11f1/Unity.app/Contents/Resources/UnitySubsystems
[Subsystems] Discovering subsystems at path /Users/emfpdlzj/Desktop/DOCKin-unity/DOCKin-unity/Assets
GfxDevice: creating device client; kGfxThreadingModeNonThreaded
 preferred device: Apple M4 Pro (high power)
Metal devices available: 1
0: Apple M4 Pro (high power)
Using device Apple M4 Pro (high power)
Initializing Metal device caps: Apple M4 Pro
Mac GPU Family: 2
Apple GPU Family: 9
MSL Version: 3.0
Has Float MSAA: 1
Has Float Filtering: 1
ReadWrite Texture Tier: 2
[Licensing::Client] Code 10 while verifying Licensing Client signature (process Id: 49659, path: "/Applications/Unity Hub.app/Contents/Frameworks/UnityLicensingClient_V1.app/Contents/MacOS/Unity.Licensing.Client")
[Licensing::Module] LicensingClient has failed validation; ignoring
[Licensing::Client] Handshaking with LicensingClient:
  Version:                 1.17.3+a4e98f1
  Session Id:              772b7a702b7f4091af68675cf84cfe20
  Correlation Id:          97af8155cd8433b628148409219cb75a
  External correlation Id: 6776693626262826647
  Machine Id:              vyCZUbrWgmvWtrF2Yv8LiddN0JA=
[Licensing::Module] Successfully connected to LicensingClient on channel: "LicenseClient-emfpdlzj" (connect: 0.00s, validation: 0.00s, handshake: 0.40s)
[Licensing::IpcConnector] Successfully connected to: "LicenseClient-emfpdlzj-notifications" at "2025-11-19T13:15:51.437024Z"
[Licensing::Module] Licensing Background thread has ended after 0.40s
Initialize mono
Mono path[0] = '/Applications/Unity/Hub/Editor/6000.2.11f1/Unity.app/Contents/Managed'
Mono path[1] = '/Applications/Unity/Hub/Editor/6000.2.11f1/Unity.app/Contents/MonoBleedingEdge/lib/mono/unityjit-macos'
Mono config path = '/Applications/Unity/Hub/Editor/6000.2.11f1/Unity.app/Contents/MonoBleedingEdge/etc'
Using monoOptions --debugger-agent=transport=dt_socket,embedding=1,server=y,suspend=n,address=127.0.0.1:56289
Begin MonoManager ReloadAssembly
Registering precompiled unity dll's ...
Register platform support module: /Applications/Unity/Hub/Editor/6000.2.11f1/PlaybackEngines/WebGLSupport/UnityEditor.WebGL.Extensions.dll
Register platform support module: /Applications/Unity/Hub/Editor/6000.2.11f1/Unity.app/Contents/PlaybackEngines/MacStandaloneSupport/UnityEditor.OSXStandalone.Extensions.dll
[Licensing::Client] Successfully resolved entitlement details
[Licensing::Module] License group:
  Id: 14569276490633-UnityPersXXXX
  Product: Unity Personal
  Type: Assigned
  Expiration: Unlimited
Register platform support module: /Applications/Unity/Hub/Editor/6000.2.11f1/PlaybackEngines/AndroidPlayer/UnityEditor.Android.Extensions.dll
Registered in 0.002412 seconds.
- Loaded All Assemblies, in  0.262 seconds
Native extension for Android target not found
Android Extension - Scanning For ADB Devices 70 ms
Native extension for OSXStandalone target not found
Native extension for WebGL target not found
Mono: successfully reloaded assembly
- Finished resetting the current domain, in  0.291 seconds
Domain Reload Profiling: 553ms
	BeginReloadAssembly (109ms)
		ExecutionOrderSort (0ms)
		DisableScriptedObjects (0ms)
		BackupInstance (0ms)
		ReleaseScriptingObjects (0ms)
		CreateAndSetChildDomain (0ms)
	RebuildCommonClasses (21ms)
	RebuildNativeTypeToScriptingClass (7ms)
	initialDomainReloadingComplete (25ms)
	LoadAllAssembliesAndSetupDomain (101ms)
		LoadAssemblies (109ms)
		RebuildTransferFunctionScriptingTraits (0ms)
		AnalyzeDomain (98ms)
			TypeCache.Refresh (97ms)
				TypeCache.ScanAssembly (88ms)
			BuildScriptInfoCaches (0ms)
			ResolveRequiredComponents (0ms)
	FinalizeReload (291ms)
		ReleaseScriptCaches (0ms)
		RebuildScriptCaches (0ms)
		SetupLoadedEditorAssemblies (266ms)
			LogAssemblyErrors (0ms)
			InitializePlatformSupportModulesInManaged (124ms)
			SetLoadedEditorAssemblies (2ms)
			BeforeProcessingInitializeOnLoad (41ms)
			ProcessInitializeOnLoadAttributes (64ms)
			ProcessInitializeOnLoadMethodAttributes (35ms)
			AfterProcessingInitializeOnLoad (0ms)
			EditorAssembliesLoaded (0ms)
		ExecutionOrderSort2 (0ms)
		AwakeInstancesAfterBackupRestoration (0ms)
[CoreBusinessMetrics] Unexpected thread when updating session info.
========================================================================
Worker process is ready to serve import requests
Import Worker Mode flag is 0x00
Begin MonoManager ReloadAssembly
[Licensing::Client] Successfully resolved entitlement details
- Loaded All Assemblies, in  0.476 seconds
Refreshing native plugins compatible for Editor in 0.22 ms, found 1 plugins.
Native extension for Android target not found
Native extension for OSXStandalone target not found
Native extension for WebGL target not found
Package Manager log level set to [2]
[Package Manager] Failed to launch server process. Reason: Unity was launched with the -noUpm command-line argument
[Package Manager] Unable to send message (not connected to server process).
[Package Manager] Cannot connect to Unity Package Manager local server
Mono: successfully reloaded assembly
- Finished resetting the current domain, in  0.474 seconds
Domain Reload Profiling: 949ms
	BeginReloadAssembly (74ms)
		ExecutionOrderSort (0ms)
		DisableScriptedObjects (3ms)
		BackupInstance (0ms)
		ReleaseScriptingObjects (0ms)
		CreateAndSetChildDomain (22ms)
	RebuildCommonClasses (21ms)
	RebuildNativeTypeToScriptingClass (7ms)
	initialDomainReloadingComplete (18ms)
	LoadAllAssembliesAndSetupDomain (355ms)
		LoadAssemblies (238ms)
		RebuildTransferFunctionScriptingTraits (0ms)
		AnalyzeDomain (144ms)
			TypeCache.Refresh (109ms)
				TypeCache.ScanAssembly (98ms)
			BuildScriptInfoCaches (26ms)
			ResolveRequiredComponents (6ms)
	FinalizeReload (474ms)
		ReleaseScriptCaches (0ms)
		RebuildScriptCaches (0ms)
		SetupLoadedEditorAssemblies (282ms)
			LogAssemblyErrors (0ms)
			InitializePlatformSupportModulesInManaged (5ms)
			SetLoadedEditorAssemblies (2ms)
			BeforeProcessingInitializeOnLoad (67ms)
			ProcessInitializeOnLoadAttributes (184ms)
			ProcessInitializeOnLoadMethodAttributes (24ms)
			AfterProcessingInitializeOnLoad (1ms)
			EditorAssembliesLoaded (0ms)
		ExecutionOrderSort2 (0ms)
		AwakeInstancesAfterBackupRestoration (1ms)
WARNING: Shader Unsupported: 'Universal Render Pipeline/VR/SpatialMapping/Wireframe' - All subshaders removed
WARNING: Shader Did you use #pragma only_renderers and omit this platform?
WARNING: Shader If subshaders removal was intentional, you may have forgotten turning Fallback off?
WARNING: Shader Unsupported: 'Universal Render Pipeline/VR/SpatialMapping/Wireframe' - All subshaders removed
WARNING: Shader Did you use #pragma only_renderers and omit this platform?
WARNING: Shader If subshaders removal was intentional, you may have forgotten turning Fallback off?
Launching external process: /Applications/Unity/Hub/Editor/6000.2.11f1/Unity.app/Contents/Tools/UnityShaderCompiler
Launched and connected shader compiler UnityShaderCompiler after 0.02 seconds
Refreshing native plugins compatible for Editor in 0.25 ms, found 1 plugins.
Preloading 0 native plugins for Editor in 0.00 ms.
Unloading 29 Unused Serialized files (Serialized files now loaded: 0)
Unloading 6140 unused Assets / (6.7 MB). Loaded Objects now: 6807.
Memory consumption went from 142.8 MB to 136.1 MB.
Total: 5.571541 ms (FindLiveObjects: 0.265416 ms CreateObjectMapping: 0.112834 ms MarkObjects: 3.080666 ms  DeleteObjects: 2.112208 ms)

========================================================================
Received Import Request.
  Time since last request: 323247.045355 seconds.
  path: Assets/InputSystem_Actions.inputactions
  artifactKey: Guid(052faaac586de48259a63d0c4782560b) Importer(815301076,1909f56bfc062723c751e8b465ee728b)
Start importing Assets/InputSystem_Actions.inputactions using Guid(052faaac586de48259a63d0c4782560b) Importer(815301076,1909f56bfc062723c751e8b465ee728b) (PreviewImporter) -> (artifact id: '01930f40487c8621e82f37946cdc2c76') in 0.011522792 seconds
Number of updated asset objects reloaded before import = 0Number of asset objects unloaded after import = 20

========================================================================
Received Prepare
WARNING: Shader Unsupported: 'Universal Render Pipeline/VR/SpatialMapping/Wireframe' - All subshaders removed
WARNING: Shader Did you use #pragma only_renderers and omit this platform?
WARNING: Shader If subshaders removal was intentional, you may have forgotten turning Fallback off?
WARNING: Shader Unsupported: 'Universal Render Pipeline/VR/SpatialMapping/Wireframe' - All subshaders removed
WARNING: Shader Did you use #pragma only_renderers and omit this platform?
WARNING: Shader If subshaders removal was intentional, you may have forgotten turning Fallback off?
xcrun: error: unable to find utility "metal", not a developer tool or in PATH
xcrun: error: unable to find utility "metal-objdump", not a developer tool or in PATH
Refreshing native plugins compatible for Editor in 0.26 ms, found 1 plugins.
Preloading 0 native plugins for Editor in 0.00 ms.
Unloading 28 Unused Serialized files (Serialized files now loaded: 0)
Unloading 28 unused Assets / (3.2 MB). Loaded Objects now: 6810.
Memory consumption went from 131.4 MB to 128.2 MB.
Total: 4.150000 ms (FindLiveObjects: 0.149917 ms CreateObjectMapping: 0.050250 ms MarkObjects: 3.326125 ms  DeleteObjects: 0.623458 ms)


=================================================================
	Native Crash Reporting
=================================================================
Got a segv while executing native code. This usually indicates
a fatal error in the mono runtime or one of the native libraries 
used by your application.
=================================================================

=================================================================
	Native stacktrace:
=================================================================
	0x32d34138c - /Applications/Unity/Hub/Editor/6000.2.11f1/Unity.app/Contents/Frameworks/MonoBleedingEdge/MonoEmbedRuntime/osx/libmonobdwgc-2.0.dylib : mono_dump_native_crash_info
	0x32d30360c - /Applications/Unity/Hub/Editor/6000.2.11f1/Unity.app/Contents/Frameworks/MonoBleedingEdge/MonoEmbedRuntime/osx/libmonobdwgc-2.0.dylib : mono_handle_native_crash
	0x32d28be14 - /Applications/Unity/Hub/Editor/6000.2.11f1/Unity.app/Contents/Frameworks/MonoBleedingEdge/MonoEmbedRuntime/osx/libmonobdwgc-2.0.dylib : mono_sigsegv_signal_handler_debug
	0x1983096a4 - /usr/lib/system/libsystem_platform.dylib : _sigtramp
	0x103141640 - /Applications/Unity/Hub/Editor/6000.2.11f1/Unity.app/Contents/MacOS/Unity : _ZNK4core13base_hash_setINS_4pairIKNS_12basic_stringIcNS_20StringStorageDefaultIcEEEEN8keywords12LocalKeywordELb1EEENS_9hash_pairINS_4hashINS_16basic_string_refIcEEEES5_EENS_10equal_pairINSt3__18equal_toISD_EES5_EEE6lookupIS5_SK_EEPNSL_4nodeERKT_RKT0_
	0x10313d99c - /Applications/Unity/Hub/Editor/6000.2.11f1/Unity.app/Contents/MacOS/Unity : _ZNK8keywords10LocalSpace4FindERKN4core12basic_stringIcNS1_20StringStorageDefaultIcEEEE
	0x10313d880 - /Applications/Unity/Hub/Editor/6000.2.11f1/Unity.app/Contents/MacOS/Unity : _ZN8keywords12KeywordRemap4InitERKNS_10LocalSpaceES3_
	0x103159884 - /Applications/Unity/Hub/Editor/6000.2.11f1/Unity.app/Contents/MacOS/Unity : _ZN9ShaderLab9IntShader15ResolveFallbackERKNS_16SerializedShaderEP6ShaderRN4core6vectorI4PPtrIS4_ENS6_9allocatorIS9_Lm0EEEEEb
	0x1030da534 - /Applications/Unity/Hub/Editor/6000.2.11f1/Unity.app/Contents/MacOS/Unity : _ZN9ShaderLab9IntShader36CreateFromSerializedShaderMainThreadEPS0_RKNS_16SerializedShaderERN4core6vectorI4PPtrI6ShaderENS5_9allocatorIS9_Lm0EEEEEbPS8_
	0x1030de59c - /Applications/Unity/Hub/Editor/6000.2.11f1/Unity.app/Contents/MacOS/Unity : _Z36ShaderFromSerializedShaderMainThreadPN9ShaderLab9IntShaderEPKNS_16SerializedShaderERN4core6vectorI4PPtrI6ShaderENS5_9allocatorIS9_Lm0EEEEEbPS8_
	0x104eec870 - /Applications/Unity/Hub/Editor/6000.2.11f1/Unity.app/Contents/MacOS/Unity : _ZN6Shader20CreateFromParsedFormEv
	0x104eecacc - /Applications/Unity/Hub/Editor/6000.2.11f1/Unity.app/Contents/MacOS/Unity : _ZN6Shader13AwakeFromLoadE17AwakeFromLoadMode
	0x1034a841c - /Applications/Unity/Hub/Editor/6000.2.11f1/Unity.app/Contents/MacOS/Unity : _ZN18AwakeFromLoadQueue28InvokePersistentManagerAwakeEPNS_4ItemEj17AwakeFromLoadModeb
	0x1034a7e54 - /Applications/Unity/Hub/Editor/6000.2.11f1/Unity.app/Contents/MacOS/Unity : _ZN18AwakeFromLoadQueue41PersistentManagerSingleQueueAwakeFromLoadEi17AwakeFromLoadMode
	0x1034a7a84 - /Applications/Unity/Hub/Editor/6000.2.11f1/Unity.app/Contents/MacOS/Unity : _ZN18AwakeFromLoadQueue39PersistentManagerAwakeFromLoad_NoChecksE17AwakeFromLoadMode
	0x10347ac9c - /Applications/Unity/Hub/Editor/6000.2.11f1/Unity.app/Contents/MacOS/Unity : _ZN17PersistentManager27IntegrateAllThreadedObjectsEv
	0x10347bc9c - /Applications/Unity/Hub/Editor/6000.2.11f1/Unity.app/Contents/MacOS/Unity : _ZN17PersistentManager38LoadAndIntegrateAllPreallocatedObjectsENS_9LockFlagsE
	0x10347de14 - /Applications/Unity/Hub/Editor/6000.2.11f1/Unity.app/Contents/MacOS/Unity : _ZN17PersistentManager11LoadObjectsEPK8EntityIdib
	0x104adeb74 - /Applications/Unity/Hub/Editor/6000.2.11f1/Unity.app/Contents/MacOS/Unity : _Z15ReloadInstancesRKN4core6vectorI8EntityIdNS_9allocatorIS1_Lm0EEEEERKNS_8hash_mapIS1_17ScriptingGCHandleNS_4hashIS1_EENSt3__18equal_toIS1_EEEE
	0x104ae0c20 - /Applications/Unity/Hub/Editor/6000.2.11f1/Unity.app/Contents/MacOS/Unity : _Z19ReloadAssetIfLoadedRK9UnityGUID
	0x104aa2340 - /Applications/Unity/Hub/Editor/6000.2.11f1/Unity.app/Contents/MacOS/Unity : ___ZZN23AssetImportWorkerClient13HandleMessageERK14PrepareMessageENK3$_4clEv_block_invoke
	0x19813185c - /usr/lib/system/libdispatch.dylib : _dispatch_client_callout
	0x198127880 - /usr/lib/system/libdispatch.dylib : _dispatch_async_and_wait_invoke
	0x19813185c - /usr/lib/system/libdispatch.dylib : _dispatch_client_callout
	0x19814eb80 - /usr/lib/system/libdispatch.dylib : _dispatch_main_queue_drain.cold.5
	0x198126db0 - /usr/lib/system/libdispatch.dylib : _dispatch_main_queue_drain
	0x198126cec - /usr/lib/system/libdispatch.dylib : _dispatch_main_queue_callback_4CF
	0x1983f8be0 - /System/Library/Frameworks/CoreFoundation.framework/Versions/A/CoreFoundation : __CFRUNLOOP_IS_SERVICING_THE_MAIN_DISPATCH_QUEUE__
	0x1983b98dc - /System/Library/Frameworks/CoreFoundation.framework/Versions/A/CoreFoundation : __CFRunLoopRun
	0x1983b8a98 - /System/Library/Frameworks/CoreFoundation.framework/Versions/A/CoreFoundation : CFRunLoopRunSpecific
	0x1a3e5b27c - /System/Library/Frameworks/Carbon.framework/Versions/A/Frameworks/HIToolbox.framework/Versions/A/HIToolbox : RunCurrentEventLoopInMode
	0x1a3e5e4e8 - /System/Library/Frameworks/Carbon.framework/Versions/A/Frameworks/HIToolbox.framework/Versions/A/HIToolbox : ReceiveNextEventCommon
	0x1a3fe9484 - /System/Library/Frameworks/Carbon.framework/Versions/A/Frameworks/HIToolbox.framework/Versions/A/HIToolbox : _BlockUntilNextEventMatchingListInModeWithFilter
	0x19c2dda34 - /System/Library/Frameworks/AppKit.framework/Versions/C/AppKit : _DPSNextEvent
	0x19cc7c940 - /System/Library/Frameworks/AppKit.framework/Versions/C/AppKit : -[NSApplication(NSEventRouting) _nextEventMatchingEventMask:untilDate:inMode:dequeue:]
	0x19c2d0be4 - /System/Library/Frameworks/AppKit.framework/Versions/C/AppKit : -[NSApplication run]
	0x19c2a72dc - /System/Library/Frameworks/AppKit.framework/Versions/C/AppKit : NSApplicationMain
	0x10566d3e8 - /Applications/Unity/Hub/Editor/6000.2.11f1/Unity.app/Contents/MacOS/Unity : _Z10EditorMainiPPKc
	0x10566d748 - /Applications/Unity/Hub/Editor/6000.2.11f1/Unity.app/Contents/MacOS/Unity : main
	0x197f2eb98 - /usr/lib/dyld : start

=================================================================
	Telemetry Dumper:
=================================================================
Pkilling 0x6138195968x from 0x8693096640x
Pkilling 0x6421032960x from 0x8693096640x
Pkilling 0x6422753280x from 0x8693096640x
Pkilling 0x13651570688x from 0x8693096640x
Pkilling 0x6421606400x from 0x8693096640x
Pkilling 0x13653716992x from 0x8693096640x
Pkilling 0x6420459520x from 0x8693096640x
Pkilling 0x6422179840x from 0x8693096640x
Entering thread summarizer pause from 0x8693096640x
Finished thread summarizer pause from 0x8693096640x.
Failed to create breadcrumb file (null)/crash_hash_0x0

Waiting for dumping threads to resume
debugger-agent: Unable to listen on 34

=================================================================
	External Debugger Dump:
=================================================================

=================================================================
	Basic Fault Address Reporting
=================================================================
Memory around native instruction pointer (0x10314165c):0x10314164c  8a 02 40 f9 6c f1 7d d3 8c 01 0b cb 40 01 0c 8b  ..@.l.}.....@...
0x10314165c  0c 00 40 b9 9f 01 09 6b e1 03 00 54 6e 7e 40 39  ..@....k...Tn~@9
0x10314166c  f1 03 80 52 2f 02 0e cb 6d 0a 40 f9 df 01 01 71  ...R/...m.@....q
0x10314167c  f0 31 8d 9a 01 9c 40 39 31 02 01 cb 02 0c 40 f9  .1....@91.....@.

=================================================================
	Managed Stacktrace:
=================================================================
=================================================================
Obtained 36 stack frames.
#0  0x0000010314165c in core::base_hash_set<core::pair<core::basic_string<char, core::StringStorageDefault<char>> const, keywords::LocalKeyword, true>, core::hash_pair<core::hash<core::basic_string_ref<char>>, core::basic_string<char, core::StringStorageDefault<char>>>, core::equal_pair<std::__1::equal_to<core::basic_string_ref<char>>, core::basic_string<char, core::StringStorageDefault<char>>>>::node* core::base_hash_set<core::pair<core::basic_string<char, core::StringStorageDefault<char>> const, keywords::LocalKeyword, true>, core::hash_pair<core::hash<core::basic_string_ref<char>>, core::basic_string<char, core::StringStorageDefault<char>>>, core::equal_pair<std::__1::equal_to<core::basic_string_ref<char>>, core::basic_string<char, core::StringStorageDefault<char>>>>::lookup<core::basic_string<char, core::StringStorageDefault<char>>, core::equal_pair<std::__1::equal_to<core::basic_string_ref<char>>, core::basic_string<char, core::StringStorageDefault<char>>>>(core::basic_string<char, core::StringStorageDefault<char>> const&, core::equal_pair<std::__1::equal_to<core::basic_string_ref<char>>, core::basic_string<char, core::StringStorageDefault<char>>> const&) const
#1  0x0000010313d99c in keywords::LocalSpace::Find(core::basic_string<char, core::StringStorageDefault<char>> const&) const
#2  0x0000010313d880 in keywords::KeywordRemap::Init(keywords::LocalSpace const&, keywords::LocalSpace const&)
#3  0x00000103159884 in ShaderLab::IntShader::ResolveFallback(ShaderLab::SerializedShader const&, Shader*, core::vector<PPtr<Shader>, core::allocator<PPtr<Shader>, 0ul>>&, bool)
#4  0x000001030da534 in ShaderLab::IntShader::CreateFromSerializedShaderMainThread(ShaderLab::IntShader*, ShaderLab::SerializedShader const&, core::vector<PPtr<Shader>, core::allocator<PPtr<Shader>, 0ul>>&, bool, Shader*)
#5  0x000001030de59c in ShaderFromSerializedShaderMainThread(ShaderLab::IntShader*, ShaderLab::SerializedShader const*, core::vector<PPtr<Shader>, core::allocator<PPtr<Shader>, 0ul>>&, bool, Shader*)
#6  0x00000104eec870 in Shader::CreateFromParsedForm()
#7  0x00000104eecacc in Shader::AwakeFromLoad(AwakeFromLoadMode)
#8  0x000001034a841c in AwakeFromLoadQueue::InvokePersistentManagerAwake(AwakeFromLoadQueue::Item*, unsigned int, AwakeFromLoadMode, bool)
#9  0x000001034a7e54 in AwakeFromLoadQueue::PersistentManagerSingleQueueAwakeFromLoad(int, AwakeFromLoadMode)
#10 0x000001034a7a84 in AwakeFromLoadQueue::PersistentManagerAwakeFromLoad_NoChecks(AwakeFromLoadMode)
#11 0x0000010347ac9c in PersistentManager::IntegrateAllThreadedObjects()
#12 0x0000010347bc9c in PersistentManager::LoadAndIntegrateAllPreallocatedObjects(PersistentManager::LockFlags)
#13 0x0000010347de14 in PersistentManager::LoadObjects(EntityId const*, int, bool)
#14 0x00000104adeb74 in ReloadInstances(core::vector<EntityId, core::allocator<EntityId, 0ul>> const&, core::hash_map<EntityId, ScriptingGCHandle, core::hash<EntityId>, std::__1::equal_to<EntityId>> const&)
#15 0x00000104ae0c20 in ReloadAssetIfLoaded(UnityGUID const&)
#16 0x00000104aa2340 in invocation function for block in AssetImportWorkerClient::HandleMessage(PrepareMessage const&)::$_4::operator()() const
#17 0x0000019813185c in _dispatch_client_callout
#18 0x00000198127880 in _dispatch_async_and_wait_invoke
#19 0x0000019813185c in _dispatch_client_callout
#20 0x0000019814eb80 in _dispatch_main_queue_drain.cold.5
#21 0x00000198126db0 in _dispatch_main_queue_drain
#22 0x00000198126cec in _dispatch_main_queue_callback_4CF
#23 0x000001983f8be0 in __CFRUNLOOP_IS_SERVICING_THE_MAIN_DISPATCH_QUEUE__
#24 0x000001983b98dc in __CFRunLoopRun
#25 0x000001983b8a98 in CFRunLoopRunSpecific
#26 0x000001a3e5b27c in RunCurrentEventLoopInMode
#27 0x000001a3e5e4e8 in ReceiveNextEventCommon
#28 0x000001a3fe9484 in _BlockUntilNextEventMatchingListInModeWithFilter
#29 0x0000019c2dda34 in _DPSNextEvent
#30 0x0000019cc7c940 in -[NSApplication(NSEventRouting) _nextEventMatchingEventMask:untilDate:inMode:dequeue:]
#31 0x0000019c2d0be4 in -[NSApplication run]
#32 0x0000019c2a72dc in NSApplicationMain
#33 0x0000010566d3e8 in EditorMain(int, char const**)
#34 0x0000010566d748 in main
#35 0x00000197f2eb98 in start
